<?xml version="1.0" encoding="UTF-8"?>
<!-- Generated by org.testng.reporters.JUnitReportReporter -->
<testsuite skipped="0" hostname="LTA1Y8OU2K.local" name="com.wingyfy.qa.testcases.homepageviewTest" tests="1" failures="0" timestamp="2020-03-04T11:30:07 IST" time="23.819" errors="0">
  <testcase name="validateheatmapbuttontest" time="23.819" classname="com.wingyfy.qa.testcases.homepageviewTest"/>
  <system-out/>
</testsuite> <!-- com.wingyfy.qa.testcases.homepageviewTest -->
